# JRE version: OpenJDK Runtime Environment (11.0.10) (build 11.0.10+0-b96-7249189)
# Java VM: OpenJDK 64-Bit Server VM (11.0.10+0-b96-7249189, mixed mode, tiered, compressed oops, g1 gc, windows-amd64)
Heap:
 garbage-first heap   total 374784K, used 154624K [0x0000000080000000, 0x0000000100000000)
  region size 1024K, 6 young (6144K), 6 survivors (6144K)
 Metaspace       used 111487K, capacity 114232K, committed 114304K, reserved 1148928K
  class space    used 13931K, capacity 14950K, committed 14976K, reserved 1048576K
GC Heap History (20 events):
Event: 78.461 GC heap after
{Heap after GC invocations=62 (full 0):
 garbage-first heap   total 281600K, used 106478K [0x0000000080000000, 0x0000000100000000)
  region size 1024K, 3 young (3072K), 3 survivors (3072K)
 Metaspace       used 109441K, capacity 112033K, committed 112256K, reserved 1146880K
  class space    used 13754K, capacity 14713K, committed 14720K, reserved 1048576K
}
Event: 79.204 GC heap before
{Heap before GC invocations=62 (full 0):
 garbage-first heap   total 281600K, used 223214K [0x0000000080000000, 0x0000000100000000)
  region size 1024K, 117 young (119808K), 3 survivors (3072K)
 Metaspace       used 110003K, capacity 112541K, committed 112640K, reserved 1146880K
  class space    used 13802K, capacity 14753K, committed 14848K, reserved 1048576K
}
Event: 79.220 GC heap after
{Heap after GC invocations=63 (full 0):
 garbage-first heap   total 281600K, used 110820K [0x0000000080000000, 0x0000000100000000)
  region size 1024K, 7 young (7168K), 7 survivors (7168K)
 Metaspace       used 110003K, capacity 112541K, committed 112640K, reserved 1146880K
  class space    used 13802K, capacity 14753K, committed 14848K, reserved 1048576K
}
Event: 79.901 GC heap before
{Heap before GC invocations=63 (full 0):
 garbage-first heap   total 281600K, used 222436K [0x0000000080000000, 0x0000000100000000)
  region size 1024K, 117 young (119808K), 7 survivors (7168K)
 Metaspace       used 110065K, capacity 112614K, committed 112896K, reserved 1146880K
  class space    used 13806K, capacity 14754K, committed 14848K, reserved 1048576K
}
Event: 79.911 GC heap after
{Heap after GC invocations=64 (full 0):
 garbage-first heap   total 281600K, used 108922K [0x0000000080000000, 0x0000000100000000)
  region size 1024K, 5 young (5120K), 5 survivors (5120K)
 Metaspace       used 110065K, capacity 112614K, committed 112896K, reserved 1146880K
  class space    used 13806K, capacity 14754K, committed 14848K, reserved 1048576K
}
Event: 80.735 GC heap before
{Heap before GC invocations=64 (full 0):
 garbage-first heap   total 281600K, used 229754K [0x0000000080000000, 0x0000000100000000)
  region size 1024K, 123 young (125952K), 5 survivors (5120K)
 Metaspace       used 110524K, capacity 113103K, committed 113152K, reserved 1146880K
  class space    used 13848K, capacity 14801K, committed 14848K, reserved 1048576K
}
Event: 80.754 GC heap after
{Heap after GC invocations=65 (full 0):
 garbage-first heap   total 281600K, used 111916K [0x0000000080000000, 0x0000000100000000)
  region size 1024K, 8 young (8192K), 8 survivors (8192K)
 Metaspace       used 110524K, capacity 113103K, committed 113152K, reserved 1146880K
  class space    used 13848K, capacity 14801K, committed 14848K, reserved 1048576K
}
Event: 81.447 GC heap before
{Heap before GC invocations=65 (full 0):
 garbage-first heap   total 281600K, used 231724K [0x0000000080000000, 0x0000000100000000)
  region size 1024K, 125 young (128000K), 8 survivors (8192K)
 Metaspace       used 110611K, capacity 113183K, committed 113408K, reserved 1148928K
  class space    used 13848K, capacity 14801K, committed 14848K, reserved 1048576K
}
Event: 81.461 GC heap after
{Heap after GC invocations=66 (full 0):
 garbage-first heap   total 281600K, used 111994K [0x0000000080000000, 0x0000000100000000)
  region size 1024K, 8 young (8192K), 8 survivors (8192K)
 Metaspace       used 110611K, capacity 113183K, committed 113408K, reserved 1148928K
  class space    used 13848K, capacity 14801K, committed 14848K, reserved 1048576K
}
Event: 82.400 GC heap before
{Heap before GC invocations=66 (full 0):
 garbage-first heap   total 281600K, used 234874K [0x0000000080000000, 0x0000000100000000)
  region size 1024K, 127 young (130048K), 8 survivors (8192K)
 Metaspace       used 111318K, capacity 114007K, committed 114304K, reserved 1148928K
  class space    used 13909K, capacity 14897K, committed 14976K, reserved 1048576K
}
Event: 82.428 GC heap after
{Heap after GC invocations=67 (full 0):
 garbage-first heap   total 281600K, used 118138K [0x0000000080000000, 0x0000000100000000)
  region size 1024K, 14 young (14336K), 14 survivors (14336K)
 Metaspace       used 111318K, capacity 114007K, committed 114304K, reserved 1148928K
  class space    used 13909K, capacity 14897K, committed 14976K, reserved 1048576K
}
Event: 83.169 GC heap before
{Heap before GC invocations=67 (full 0):
 garbage-first heap   total 281600K, used 230778K [0x0000000080000000, 0x0000000100000000)
  region size 1024K, 124 young (126976K), 14 survivors (14336K)
 Metaspace       used 111364K, capacity 114090K, committed 114304K, reserved 1148928K
  class space    used 13914K, capacity 14903K, committed 14976K, reserved 1048576K
}
Event: 83.202 GC heap after
{Heap after GC invocations=68 (full 0):
 garbage-first heap   total 281600K, used 119790K [0x0000000080000000, 0x0000000100000000)
  region size 1024K, 5 young (5120K), 5 survivors (5120K)
 Metaspace       used 111364K, capacity 114090K, committed 114304K, reserved 1148928K
  class space    used 13914K, capacity 14903K, committed 14976K, reserved 1048576K
}
Event: 84.374 GC heap before
{Heap before GC invocations=68 (full 0):
 garbage-first heap   total 281600K, used 233454K [0x0000000080000000, 0x0000000100000000)
  region size 1024K, 114 young (116736K), 5 survivors (5120K)
 Metaspace       used 111408K, capacity 114117K, committed 114304K, reserved 1148928K
  class space    used 13921K, capacity 14912K, committed 14976K, reserved 1048576K
}
Event: 84.391 GC heap after
{Heap after GC invocations=69 (full 0):
 garbage-first heap   total 281600K, used 122862K [0x0000000080000000, 0x0000000100000000)
  region size 1024K, 7 young (7168K), 7 survivors (7168K)
 Metaspace       used 111408K, capacity 114117K, committed 114304K, reserved 1148928K
  class space    used 13921K, capacity 14912K, committed 14976K, reserved 1048576K
}
Event: 84.833 GC heap before
{Heap before GC invocations=69 (full 0):
 garbage-first heap   total 281600K, used 233454K [0x0000000080000000, 0x0000000100000000)
  region size 1024K, 116 young (118784K), 7 survivors (7168K)
 Metaspace       used 111446K, capacity 114216K, committed 114304K, reserved 1148928K
  class space    used 13928K, capacity 14945K, committed 14976K, reserved 1048576K
}
Event: 84.869 GC heap after
{Heap after GC invocations=70 (full 0):
 garbage-first heap   total 281600K, used 137540K [0x0000000080000000, 0x0000000100000000)
  region size 1024K, 15 young (15360K), 15 survivors (15360K)
 Metaspace       used 111446K, capacity 114216K, committed 114304K, reserved 1148928K
  class space    used 13928K, capacity 14945K, committed 14976K, reserved 1048576K
}
Event: 85.265 GC heap before
{Heap before GC invocations=70 (full 0):
 garbage-first heap   total 281600K, used 229700K [0x0000000080000000, 0x0000000100000000)
  region size 1024K, 105 young (107520K), 15 survivors (15360K)
 Metaspace       used 111460K, capacity 114217K, committed 114304K, reserved 1148928K
  class space    used 13928K, capacity 14945K, committed 14976K, reserved 1048576K
}
Event: 85.330 GC heap after
{Heap after GC invocations=71 (full 0):
 garbage-first heap   total 281600K, used 148930K [0x0000000080000000, 0x0000000100000000)
  region size 1024K, 13 young (13312K), 13 survivors (13312K)
 Metaspace       used 111460K, capacity 114217K, committed 114304K, reserved 1148928K
  class space    used 13928K, capacity 14945K, committed 14976K, reserved 1048576K
}
Event: 85.728 GC heap before
{Heap before GC invocations=71 (full 0):
 garbage-first heap   total 281600K, used 228802K [0x0000000080000000, 0x0000000100000000)
  region size 1024K, 91 young (93184K), 13 survivors (13312K)
 Metaspace       used 111487K, capacity 114232K, committed 114304K, reserved 1148928K
  class space    used 13931K, capacity 14950K, committed 14976K, reserved 1048576K
}

