# JRE version: OpenJDK Runtime Environment (11.0.10) (build 11.0.10+0-b96-7249189)
# Java VM: OpenJDK 64-Bit Server VM (11.0.10+0-b96-7249189, mixed mode, tiered, compressed oops, g1 gc, windows-amd64)
Heap:
 garbage-first heap   total 328704K, used 223138K [0x0000000080000000, 0x0000000100000000)
  region size 1024K, 85 young (87040K), 6 survivors (6144K)
 Metaspace       used 109153K, capacity 112057K, committed 112232K, reserved 1146880K
  class space    used 14010K, capacity 15095K, committed 15172K, reserved 1048576K
GC Heap History (20 events):
Event: 60.389 GC heap before
{Heap before GC invocations=70 (full 0):
 garbage-first heap   total 328704K, used 274132K [0x0000000080000000, 0x0000000100000000)
  region size 1024K, 137 young (140288K), 7 survivors (7168K)
 Metaspace       used 108900K, capacity 111782K, committed 111976K, reserved 1146880K
  class space    used 13994K, capacity 15076K, committed 15172K, reserved 1048576K
}
Event: 60.405 GC heap after
{Heap after GC invocations=71 (full 0):
 garbage-first heap   total 328704K, used 136404K [0x0000000080000000, 0x0000000100000000)
  region size 1024K, 3 young (3072K), 3 survivors (3072K)
 Metaspace       used 108900K, capacity 111782K, committed 111976K, reserved 1146880K
  class space    used 13994K, capacity 15076K, committed 15172K, reserved 1048576K
}
Event: 61.411 GC heap before
{Heap before GC invocations=71 (full 0):
 garbage-first heap   total 328704K, used 292052K [0x0000000080000000, 0x0000000100000000)
  region size 1024K, 149 young (152576K), 3 survivors (3072K)
 Metaspace       used 108979K, capacity 111884K, committed 111976K, reserved 1146880K
  class space    used 13999K, capacity 15085K, committed 15172K, reserved 1048576K
}
Event: 61.430 GC heap after
{Heap after GC invocations=72 (full 0):
 garbage-first heap   total 328704K, used 139154K [0x0000000080000000, 0x0000000100000000)
  region size 1024K, 6 young (6144K), 6 survivors (6144K)
 Metaspace       used 108979K, capacity 111884K, committed 111976K, reserved 1146880K
  class space    used 13999K, capacity 15085K, committed 15172K, reserved 1048576K
}
Event: 62.399 GC heap before
{Heap before GC invocations=72 (full 0):
 garbage-first heap   total 328704K, used 282514K [0x0000000080000000, 0x0000000100000000)
  region size 1024K, 146 young (149504K), 6 survivors (6144K)
 Metaspace       used 108997K, capacity 111888K, committed 111976K, reserved 1146880K
  class space    used 14000K, capacity 15086K, committed 15172K, reserved 1048576K
}
Event: 62.415 GC heap after
{Heap after GC invocations=73 (full 0):
 garbage-first heap   total 328704K, used 139393K [0x0000000080000000, 0x0000000100000000)
  region size 1024K, 6 young (6144K), 6 survivors (6144K)
 Metaspace       used 108997K, capacity 111888K, committed 111976K, reserved 1146880K
  class space    used 14000K, capacity 15086K, committed 15172K, reserved 1048576K
}
Event: 63.369 GC heap before
{Heap before GC invocations=73 (full 0):
 garbage-first heap   total 328704K, used 282753K [0x0000000080000000, 0x0000000100000000)
  region size 1024K, 146 young (149504K), 6 survivors (6144K)
 Metaspace       used 109050K, capacity 111971K, committed 112232K, reserved 1146880K
  class space    used 14005K, capacity 15092K, committed 15172K, reserved 1048576K
}
Event: 63.384 GC heap after
{Heap after GC invocations=74 (full 0):
 garbage-first heap   total 328704K, used 137419K [0x0000000080000000, 0x0000000100000000)
  region size 1024K, 4 young (4096K), 4 survivors (4096K)
 Metaspace       used 109050K, capacity 111971K, committed 112232K, reserved 1146880K
  class space    used 14005K, capacity 15092K, committed 15172K, reserved 1048576K
}
Event: 64.215 GC heap before
{Heap before GC invocations=74 (full 0):
 garbage-first heap   total 328704K, used 283851K [0x0000000080000000, 0x0000000100000000)
  region size 1024K, 147 young (150528K), 4 survivors (4096K)
 Metaspace       used 109066K, capacity 111972K, committed 112232K, reserved 1146880K
  class space    used 14005K, capacity 15092K, committed 15172K, reserved 1048576K
}
Event: 64.233 GC heap after
{Heap after GC invocations=75 (full 0):
 garbage-first heap   total 328704K, used 140309K [0x0000000080000000, 0x0000000100000000)
  region size 1024K, 7 young (7168K), 7 survivors (7168K)
 Metaspace       used 109066K, capacity 111972K, committed 112232K, reserved 1146880K
  class space    used 14005K, capacity 15092K, committed 15172K, reserved 1048576K
}
Event: 65.301 GC heap before
{Heap before GC invocations=75 (full 0):
 garbage-first heap   total 328704K, used 282645K [0x0000000080000000, 0x0000000100000000)
  region size 1024K, 146 young (149504K), 7 survivors (7168K)
 Metaspace       used 109075K, capacity 111972K, committed 112232K, reserved 1146880K
  class space    used 14005K, capacity 15092K, committed 15172K, reserved 1048576K
}
Event: 65.317 GC heap after
{Heap after GC invocations=76 (full 0):
 garbage-first heap   total 328704K, used 138964K [0x0000000080000000, 0x0000000100000000)
  region size 1024K, 6 young (6144K), 6 survivors (6144K)
 Metaspace       used 109075K, capacity 111972K, committed 112232K, reserved 1146880K
  class space    used 14005K, capacity 15092K, committed 15172K, reserved 1048576K
}
Event: 68.148 GC heap before
{Heap before GC invocations=76 (full 0):
 garbage-first heap   total 328704K, used 283348K [0x0000000080000000, 0x0000000100000000)
  region size 1024K, 147 young (150528K), 6 survivors (6144K)
 Metaspace       used 109115K, capacity 111989K, committed 112232K, reserved 1146880K
  class space    used 14009K, capacity 15095K, committed 15172K, reserved 1048576K
}
Event: 68.173 GC heap after
{Heap after GC invocations=77 (full 0):
 garbage-first heap   total 328704K, used 145108K [0x0000000080000000, 0x0000000100000000)
  region size 1024K, 12 young (12288K), 12 survivors (12288K)
 Metaspace       used 109115K, capacity 111989K, committed 112232K, reserved 1146880K
  class space    used 14009K, capacity 15095K, committed 15172K, reserved 1048576K
}
Event: 68.865 GC heap before
{Heap before GC invocations=77 (full 0):
 garbage-first heap   total 328704K, used 278228K [0x0000000080000000, 0x0000000100000000)
  region size 1024K, 142 young (145408K), 12 survivors (12288K)
 Metaspace       used 109118K, capacity 111989K, committed 112232K, reserved 1146880K
  class space    used 14009K, capacity 15095K, committed 15172K, reserved 1048576K
}
Event: 68.886 GC heap after
{Heap after GC invocations=78 (full 0):
 garbage-first heap   total 328704K, used 143266K [0x0000000080000000, 0x0000000100000000)
  region size 1024K, 7 young (7168K), 7 survivors (7168K)
 Metaspace       used 109118K, capacity 111989K, committed 112232K, reserved 1146880K
  class space    used 14009K, capacity 15095K, committed 15172K, reserved 1048576K
}
Event: 69.655 GC heap before
{Heap before GC invocations=78 (full 0):
 garbage-first heap   total 328704K, used 282530K [0x0000000080000000, 0x0000000100000000)
  region size 1024K, 143 young (146432K), 7 survivors (7168K)
 Metaspace       used 109121K, capacity 111989K, committed 112232K, reserved 1146880K
  class space    used 14009K, capacity 15095K, committed 15172K, reserved 1048576K
}
Event: 69.663 GC heap after
{Heap after GC invocations=79 (full 0):
 garbage-first heap   total 328704K, used 142242K [0x0000000080000000, 0x0000000100000000)
  region size 1024K, 6 young (6144K), 6 survivors (6144K)
 Metaspace       used 109121K, capacity 111989K, committed 112232K, reserved 1146880K
  class space    used 14009K, capacity 15095K, committed 15172K, reserved 1048576K
}
Event: 70.360 GC heap before
{Heap before GC invocations=79 (full 0):
 garbage-first heap   total 328704K, used 282530K [0x0000000080000000, 0x0000000100000000)
  region size 1024K, 143 young (146432K), 6 survivors (6144K)
 Metaspace       used 109131K, capacity 111990K, committed 112232K, reserved 1146880K
  class space    used 14009K, capacity 15095K, committed 15172K, reserved 1048576K
}
Event: 70.368 GC heap after
{Heap after GC invocations=80 (full 0):
 garbage-first heap   total 328704K, used 142242K [0x0000000080000000, 0x0000000100000000)
  region size 1024K, 6 young (6144K), 6 survivors (6144K)
 Metaspace       used 109131K, capacity 111990K, committed 112232K, reserved 1146880K
  class space    used 14009K, capacity 15095K, committed 15172K, reserved 1048576K
}

