# JRE version: OpenJDK Runtime Environment (11.0.10) (build 11.0.10+0-b96-7249189)
# Java VM: OpenJDK 64-Bit Server VM (11.0.10+0-b96-7249189, mixed mode, tiered, compressed oops, g1 gc, windows-amd64)
Heap:
 garbage-first heap   total 131072K, used 63010K [0x0000000080000000, 0x0000000100000000)
  region size 1024K, 44 young (45056K), 7 survivors (7168K)
 Metaspace       used 42646K, capacity 43633K, committed 43648K, reserved 1087488K
  class space    used 5395K, capacity 5746K, committed 5760K, reserved 1048576K
GC Heap History (18 events):
Event: 0.428 GC heap before
{Heap before GC invocations=0 (full 0):
 garbage-first heap   total 131072K, used 7168K [0x0000000080000000, 0x0000000100000000)
  region size 1024K, 7 young (7168K), 0 survivors (0K)
 Metaspace       used 6147K, capacity 6265K, committed 6528K, reserved 1056768K
  class space    used 538K, capacity 578K, committed 640K, reserved 1048576K
}
Event: 0.432 GC heap after
{Heap after GC invocations=1 (full 0):
 garbage-first heap   total 131072K, used 1381K [0x0000000080000000, 0x0000000100000000)
  region size 1024K, 1 young (1024K), 1 survivors (1024K)
 Metaspace       used 6147K, capacity 6265K, committed 6528K, reserved 1056768K
  class space    used 538K, capacity 578K, committed 640K, reserved 1048576K
}
Event: 2.738 GC heap before
{Heap before GC invocations=1 (full 0):
 garbage-first heap   total 131072K, used 85349K [0x0000000080000000, 0x0000000100000000)
  region size 1024K, 76 young (77824K), 1 survivors (1024K)
 Metaspace       used 15587K, capacity 15927K, committed 16000K, reserved 1062912K
  class space    used 1766K, capacity 1867K, committed 1920K, reserved 1048576K
}
Event: 2.749 GC heap after
{Heap after GC invocations=2 (full 0):
 garbage-first heap   total 131072K, used 15055K [0x0000000080000000, 0x0000000100000000)
  region size 1024K, 10 young (10240K), 10 survivors (10240K)
 Metaspace       used 15587K, capacity 15927K, committed 16000K, reserved 1062912K
  class space    used 1766K, capacity 1867K, committed 1920K, reserved 1048576K
}
Event: 2.921 GC heap before
{Heap before GC invocations=2 (full 0):
 garbage-first heap   total 131072K, used 18127K [0x0000000080000000, 0x0000000100000000)
  region size 1024K, 13 young (13312K), 10 survivors (10240K)
 Metaspace       used 16802K, capacity 17232K, committed 17536K, reserved 1064960K
  class space    used 1918K, capacity 2054K, committed 2176K, reserved 1048576K
}
Event: 2.929 GC heap after
{Heap after GC invocations=3 (full 0):
 garbage-first heap   total 131072K, used 15949K [0x0000000080000000, 0x0000000100000000)
  region size 1024K, 1 young (1024K), 1 survivors (1024K)
 Metaspace       used 16802K, capacity 17232K, committed 17536K, reserved 1064960K
  class space    used 1918K, capacity 2054K, committed 2176K, reserved 1048576K
}
Event: 3.249 GC heap before
{Heap before GC invocations=3 (full 0):
 garbage-first heap   total 131072K, used 30285K [0x0000000080000000, 0x0000000100000000)
  region size 1024K, 16 young (16384K), 1 survivors (1024K)
 Metaspace       used 18716K, capacity 19136K, committed 19328K, reserved 1067008K
  class space    used 2231K, capacity 2372K, committed 2432K, reserved 1048576K
}
Event: 3.252 GC heap after
{Heap after GC invocations=4 (full 0):
 garbage-first heap   total 131072K, used 16256K [0x0000000080000000, 0x0000000100000000)
  region size 1024K, 1 young (1024K), 1 survivors (1024K)
 Metaspace       used 18716K, capacity 19136K, committed 19328K, reserved 1067008K
  class space    used 2231K, capacity 2372K, committed 2432K, reserved 1048576K
}
Event: 3.499 GC heap before
{Heap before GC invocations=4 (full 0):
 garbage-first heap   total 131072K, used 31616K [0x0000000080000000, 0x0000000100000000)
  region size 1024K, 17 young (17408K), 1 survivors (1024K)
 Metaspace       used 20572K, capacity 21096K, committed 21248K, reserved 1067008K
  class space    used 2501K, capacity 2690K, committed 2816K, reserved 1048576K
}
Event: 3.504 GC heap after
{Heap after GC invocations=5 (full 0):
 garbage-first heap   total 131072K, used 16674K [0x0000000080000000, 0x0000000100000000)
  region size 1024K, 2 young (2048K), 2 survivors (2048K)
 Metaspace       used 20572K, capacity 21096K, committed 21248K, reserved 1067008K
  class space    used 2501K, capacity 2690K, committed 2816K, reserved 1048576K
}
Event: 4.181 GC heap before
{Heap before GC invocations=6 (full 0):
 garbage-first heap   total 131072K, used 46370K [0x0000000080000000, 0x0000000100000000)
  region size 1024K, 31 young (31744K), 2 survivors (2048K)
 Metaspace       used 23538K, capacity 24187K, committed 24448K, reserved 1071104K
  class space    used 2990K, capacity 3192K, committed 3200K, reserved 1048576K
}
Event: 4.186 GC heap after
{Heap after GC invocations=7 (full 0):
 garbage-first heap   total 131072K, used 17424K [0x0000000080000000, 0x0000000100000000)
  region size 1024K, 3 young (3072K), 3 survivors (3072K)
 Metaspace       used 23538K, capacity 24187K, committed 24448K, reserved 1071104K
  class space    used 2990K, capacity 3192K, committed 3200K, reserved 1048576K
}
Event: 8.407 GC heap before
{Heap before GC invocations=7 (full 0):
 garbage-first heap   total 131072K, used 62480K [0x0000000080000000, 0x0000000100000000)
  region size 1024K, 47 young (48128K), 3 survivors (3072K)
 Metaspace       used 27953K, capacity 28636K, committed 28800K, reserved 1075200K
  class space    used 3694K, capacity 3932K, committed 3968K, reserved 1048576K
}
Event: 8.414 GC heap after
{Heap after GC invocations=8 (full 0):
 garbage-first heap   total 131072K, used 19252K [0x0000000080000000, 0x0000000100000000)
  region size 1024K, 4 young (4096K), 4 survivors (4096K)
 Metaspace       used 27953K, capacity 28636K, committed 28800K, reserved 1075200K
  class space    used 3694K, capacity 3932K, committed 3968K, reserved 1048576K
}
Event: 12.622 GC heap before
{Heap before GC invocations=8 (full 0):
 garbage-first heap   total 131072K, used 54068K [0x0000000080000000, 0x0000000100000000)
  region size 1024K, 39 young (39936K), 4 survivors (4096K)
 Metaspace       used 35053K, capacity 35799K, committed 35840K, reserved 1081344K
  class space    used 4535K, capacity 4832K, committed 4864K, reserved 1048576K
}
Event: 12.635 GC heap after
{Heap after GC invocations=9 (full 0):
 garbage-first heap   total 131072K, used 22713K [0x0000000080000000, 0x0000000100000000)
  region size 1024K, 7 young (7168K), 7 survivors (7168K)
 Metaspace       used 35053K, capacity 35799K, committed 35840K, reserved 1081344K
  class space    used 4535K, capacity 4832K, committed 4864K, reserved 1048576K
}
Event: 15.514 GC heap before
{Heap before GC invocations=10 (full 0):
 garbage-first heap   total 131072K, used 75961K [0x0000000080000000, 0x0000000100000000)
  region size 1024K, 57 young (58368K), 7 survivors (7168K)
 Metaspace       used 38922K, capacity 39761K, committed 39936K, reserved 1083392K
  class space    used 4936K, capacity 5251K, committed 5376K, reserved 1048576K
}
Event: 15.532 GC heap after
{Heap after GC invocations=11 (full 0):
 garbage-first heap   total 131072K, used 26146K [0x0000000080000000, 0x0000000100000000)
  region size 1024K, 7 young (7168K), 7 survivors (7168K)
 Metaspace       used 38922K, capacity 39761K, committed 39936K, reserved 1083392K
  class space    used 4936K, capacity 5251K, committed 5376K, reserved 1048576K
}

